<?xml version="1.0" encoding="UTF-8"?>
<!-- Generated by org.testng.reporters.JUnitXMLReporter -->
<testsuite hostname="PaperBoy" ignored="1" name="Default test" tests="1" failures="0" timestamp="21 Jun 2019 10:07:23 GMT" time="82.932" errors="0">
  <testcase name="FLight_Booking_Without_Login" time="74.119" classname="com.PhpTravels.TestScripts.Flight_TestCase"/>
  <testcase name="FLight_Booking" time="0.0" classname="com.PhpTravels.TestScripts.Flight_TestCase">
    <ignored/>
  </testcase> <!-- FLight_Booking -->
</testsuite> <!-- Default test -->
