<?xml version="1.0" encoding="UTF-8"?>
<testng-results skipped="0" failed="0" ignored="1" total="2" passed="1">
  <reporter-output>
    <line>
      <![CDATA[FromPlace is True]]>
    </line>
    <line>
      <![CDATA[Destination is True]]>
    </line>
    <line>
      <![CDATA[Checkin Date is True]]>
    </line>
    <line>
      <![CDATA[Checkout Date is true]]>
    </line>
    <line>
      <![CDATA[THe no of Adult is false]]>
    </line>
    <line>
      <![CDATA[THe no of child is false]]>
    </line>
    <line>
      <![CDATA[THe no of Infants is False]]>
    </line>
  </reporter-output>
  <suite name="Default suite" duration-ms="82932" started-at="2019-06-21T10:06:00Z" finished-at="2019-06-21T10:07:23Z">
    <groups>
    </groups>
    <test name="Default test" duration-ms="82932" started-at="2019-06-21T10:06:00Z" finished-at="2019-06-21T10:07:23Z">
      <class name="com.PhpTravels.TestScripts.Flight_TestCase">
        <test-method status="PASS" signature="openBrowser()[pri:0, instance:com.PhpTravels.TestScripts.Flight_TestCase@49993335]" name="openBrowser" is-config="true" duration-ms="8551" started-at="2019-06-21T10:06:00Z" finished-at="2019-06-21T10:06:09Z">
          <reporter-output>
          </reporter-output>
        </test-method> <!-- openBrowser -->
        <test-method status="PASS" signature="FLight_Booking_Without_Login()[pri:0, instance:com.PhpTravels.TestScripts.Flight_TestCase@49993335]" name="FLight_Booking_Without_Login" duration-ms="74119" started-at="2019-06-21T10:06:09Z" finished-at="2019-06-21T10:07:23Z">
          <reporter-output>
            <line>
              <![CDATA[FromPlace is True]]>
            </line>
            <line>
              <![CDATA[Destination is True]]>
            </line>
            <line>
              <![CDATA[Checkin Date is True]]>
            </line>
            <line>
              <![CDATA[Checkout Date is true]]>
            </line>
            <line>
              <![CDATA[THe no of Adult is false]]>
            </line>
            <line>
              <![CDATA[THe no of child is false]]>
            </line>
            <line>
              <![CDATA[THe no of Infants is False]]>
            </line>
          </reporter-output>
        </test-method> <!-- FLight_Booking_Without_Login -->
        <test-method status="PASS" signature="close_Browser()[pri:0, instance:com.PhpTravels.TestScripts.Flight_TestCase@49993335]" name="close_Browser" is-config="true" duration-ms="219" started-at="2019-06-21T10:07:23Z" finished-at="2019-06-21T10:07:23Z">
          <reporter-output>
          </reporter-output>
        </test-method> <!-- close_Browser -->
      </class> <!-- com.PhpTravels.TestScripts.Flight_TestCase -->
    </test> <!-- Default test -->
  </suite> <!-- Default suite -->
</testng-results>
