<?xml version="1.0" encoding="UTF-8"?>
<testng-results skipped="0" failed="0" ignored="0" total="1" passed="1">
  <reporter-output>
    <line>
      <![CDATA[********Before Redefining*****]]>
    </line>
    <line>
      <![CDATA[THe checkin Date is Wrong Try to Redefine]]>
    </line>
    <line>
      <![CDATA[THe checkout Date is Wrong Try to Redefine]]>
    </line>
    <line>
      <![CDATA[THe no of Adults is true]]>
    </line>
    <line>
      <![CDATA[THe no of chils is Wrong Try to Redefine]]>
    </line>
    <line>
      <![CDATA[********Ater Redefining*****]]>
    </line>
    <line>
      <![CDATA[ After Redefing, The checkin Date is True continue booking]]>
    </line>
    <line>
      <![CDATA[After Redefing, The, THe checkout Date is true]]>
    </line>
    <line>
      <![CDATA[After Redefing, The  no of Adults is true]]>
    </line>
    <line>
      <![CDATA[After Redefing, The THe no of Child is true ]]>
    </line>
  </reporter-output>
  <suite name="Default suite" duration-ms="107245" started-at="2019-06-21T04:47:13Z" finished-at="2019-06-21T04:49:00Z">
    <groups>
    </groups>
    <test name="Default test" duration-ms="107245" started-at="2019-06-21T04:47:13Z" finished-at="2019-06-21T04:49:00Z">
      <class name="com.PhpTravels.TestScripts.Hotel_TestCase">
        <test-method status="PASS" signature="openBrowser()[pri:0, instance:com.PhpTravels.TestScripts.Hotel_TestCase@49993335]" name="openBrowser" is-config="true" duration-ms="8223" started-at="2019-06-21T04:47:13Z" finished-at="2019-06-21T04:47:21Z">
          <reporter-output>
          </reporter-output>
        </test-method> <!-- openBrowser -->
        <test-method status="PASS" signature="Hotel_Booking()[pri:0, instance:com.PhpTravels.TestScripts.Hotel_TestCase@49993335]" name="Hotel_Booking" duration-ms="98985" started-at="2019-06-21T04:47:21Z" finished-at="2019-06-21T04:49:00Z">
          <reporter-output>
            <line>
              <![CDATA[********Before Redefining*****]]>
            </line>
            <line>
              <![CDATA[THe checkin Date is Wrong Try to Redefine]]>
            </line>
            <line>
              <![CDATA[THe checkout Date is Wrong Try to Redefine]]>
            </line>
            <line>
              <![CDATA[THe no of Adults is true]]>
            </line>
            <line>
              <![CDATA[THe no of chils is Wrong Try to Redefine]]>
            </line>
            <line>
              <![CDATA[********Ater Redefining*****]]>
            </line>
            <line>
              <![CDATA[ After Redefing, The checkin Date is True continue booking]]>
            </line>
            <line>
              <![CDATA[After Redefing, The, THe checkout Date is true]]>
            </line>
            <line>
              <![CDATA[After Redefing, The  no of Adults is true]]>
            </line>
            <line>
              <![CDATA[After Redefing, The THe no of Child is true ]]>
            </line>
          </reporter-output>
        </test-method> <!-- Hotel_Booking -->
      </class> <!-- com.PhpTravels.TestScripts.Hotel_TestCase -->
    </test> <!-- Default test -->
  </suite> <!-- Default suite -->
</testng-results>
