<?xml version="1.0" encoding="UTF-8"?>
<testng-results skipped="0" failed="0" ignored="0" total="1" passed="1">
  <reporter-output>
  </reporter-output>
  <suite name="Default suite" duration-ms="73220" started-at="2019-06-20T06:54:47Z" finished-at="2019-06-20T06:56:01Z">
    <groups>
    </groups>
    <test name="Default test" duration-ms="73220" started-at="2019-06-20T06:54:47Z" finished-at="2019-06-20T06:56:01Z">
      <class name="com.PhpTravels.TestScripts.Tours_TestCase">
        <test-method status="PASS" signature="openBrowser()[pri:0, instance:com.PhpTravels.TestScripts.Tours_TestCase@5702b3b1]" name="openBrowser" is-config="true" duration-ms="8833" started-at="2019-06-20T06:54:47Z" finished-at="2019-06-20T06:54:56Z">
          <reporter-output>
          </reporter-output>
        </test-method> <!-- openBrowser -->
        <test-method status="PASS" signature="Tours_Booking()[pri:0, instance:com.PhpTravels.TestScripts.Tours_TestCase@5702b3b1]" name="Tours_Booking" duration-ms="64351" started-at="2019-06-20T06:54:56Z" finished-at="2019-06-20T06:56:01Z">
          <reporter-output>
          </reporter-output>
        </test-method> <!-- Tours_Booking -->
      </class> <!-- com.PhpTravels.TestScripts.Tours_TestCase -->
    </test> <!-- Default test -->
  </suite> <!-- Default suite -->
</testng-results>
