<?xml version="1.0" encoding="UTF-8"?>
<testng-results skipped="0" failed="0" ignored="0" total="1" passed="1">
  <reporter-output>
  </reporter-output>
  <suite name="Default suite" duration-ms="191579" started-at="2019-06-18T06:05:34Z" finished-at="2019-06-18T06:08:46Z">
    <groups>
    </groups>
    <test name="Default test" duration-ms="191579" started-at="2019-06-18T06:05:34Z" finished-at="2019-06-18T06:08:46Z">
      <class name="com.PhpTravels.TestScripts.Hotel_TestCase">
        <test-method status="PASS" signature="openBrowser()[pri:0, instance:com.PhpTravels.TestScripts.Hotel_TestCase@5702b3b1]" name="openBrowser" is-config="true" duration-ms="81929" started-at="2019-06-18T06:05:34Z" finished-at="2019-06-18T06:06:56Z">
          <reporter-output>
          </reporter-output>
        </test-method> <!-- openBrowser -->
        <test-method status="PASS" signature="Hotel_Booking()[pri:0, instance:com.PhpTravels.TestScripts.Hotel_TestCase@5702b3b1]" name="Hotel_Booking" duration-ms="109610" started-at="2019-06-18T06:06:56Z" finished-at="2019-06-18T06:08:46Z">
          <reporter-output>
          </reporter-output>
        </test-method> <!-- Hotel_Booking -->
      </class> <!-- com.PhpTravels.TestScripts.Hotel_TestCase -->
    </test> <!-- Default test -->
  </suite> <!-- Default suite -->
</testng-results>
